Determining if the CXX compiler accepts the flag -std=c++11 failed with the following output:
Change Dir: /home/user/sentiment_analysis_service/cpp-driver-master/build/CMakeFiles/CMakeTmp

Run Build Command:/usr/bin/make "cmTryCompileExec/fast"
/usr/bin/make -f CMakeFiles/cmTryCompileExec.dir/build.make CMakeFiles/cmTryCompileExec.dir/build
make[1]: Entering directory `/home/user/sentiment_analysis_service/cpp-driver-master/build/CMakeFiles/CMakeTmp'
/usr/bin/cmake -E cmake_progress_report /home/user/sentiment_analysis_service/cpp-driver-master/build/CMakeFiles/CMakeTmp/CMakeFiles 1
Building CXX object CMakeFiles/cmTryCompileExec.dir/DummyCXXFile.cxx.o
/usr/bin/c++    -std=c++11   -o CMakeFiles/cmTryCompileExec.dir/DummyCXXFile.cxx.o -c /usr/share/cmake-2.8/Modules/DummyCXXFile.cxx
cc1plus: error: unrecognized command line option '-std=c++11'
make[1]: Leaving directory `/home/user/sentiment_analysis_service/cpp-driver-master/build/CMakeFiles/CMakeTmp'
make[1]: *** [CMakeFiles/cmTryCompileExec.dir/DummyCXXFile.cxx.o] Error 1
make: *** [cmTryCompileExec/fast] Error 2


Performing C++ SOURCE FILE Test HAVE_UNORDERED_MAP failed with the following output:
Change Dir: /home/user/sentiment_analysis_service/cpp-driver-master/build/CMakeFiles/CMakeTmp

Run Build Command:/usr/bin/make "cmTryCompileExec/fast"
/usr/bin/make -f CMakeFiles/cmTryCompileExec.dir/build.make CMakeFiles/cmTryCompileExec.dir/build
make[1]: Entering directory `/home/user/sentiment_analysis_service/cpp-driver-master/build/CMakeFiles/CMakeTmp'
/usr/bin/cmake -E cmake_progress_report /home/user/sentiment_analysis_service/cpp-driver-master/build/CMakeFiles/CMakeTmp/CMakeFiles 1
Building CXX object CMakeFiles/cmTryCompileExec.dir/src.cxx.o
/usr/bin/c++    -DHAVE_UNORDERED_MAP   -o CMakeFiles/cmTryCompileExec.dir/src.cxx.o -c /home/user/sentiment_analysis_service/cpp-driver-master/build/CMakeFiles/CMakeTmp/src.cxx
In file included from /usr/include/c++/4.6/unordered_map:35:0,
                 from /home/user/sentiment_analysis_service/cpp-driver-master/build/CMakeFiles/CMakeTmp/src.cxx:2:
/usr/include/c++/4.6/bits/c++0x_warning.h:32:2: error: #error This file requires compiler and library support for the upcoming ISO C++ standard, C++0x. This support is currently experimental, and must be enabled with the -std=c++0x or -std=gnu++0x compiler options.
/home/user/sentiment_analysis_service/cpp-driver-master/build/CMakeFiles/CMakeTmp/src.cxx: In function 'int main()':
/home/user/sentiment_analysis_service/cpp-driver-master/build/CMakeFiles/CMakeTmp/src.cxx:4:9: error: 'unordered_map' is not a member of 'std'
/home/user/sentiment_analysis_service/cpp-driver-master/build/CMakeFiles/CMakeTmp/src.cxx:4:28: error: expected primary-expression before 'int'
/home/user/sentiment_analysis_service/cpp-driver-master/build/CMakeFiles/CMakeTmp/src.cxx:4:28: error: expected ';' before 'int'
/home/user/sentiment_analysis_service/cpp-driver-master/build/CMakeFiles/CMakeTmp/src.cxx:5:16: error: 'm' was not declared in this scope
make[1]: Leaving directory `/home/user/sentiment_analysis_service/cpp-driver-master/build/CMakeFiles/CMakeTmp'
make[1]: *** [CMakeFiles/cmTryCompileExec.dir/src.cxx.o] Error 1
make: *** [cmTryCompileExec/fast] Error 2

Source file was:

      #include <unordered_map>
      int main() {
        std::unordered_map<int,int> m;
        return m.find(42) == m.end();
      }
      
Performing C++ SOURCE FILE Test HAVE_UNORDERED_MAP failed with the following output:
Change Dir: /home/user/sentiment_analysis_service/cpp-driver-master/build/CMakeFiles/CMakeTmp

Run Build Command:/usr/bin/make "cmTryCompileExec/fast"
/usr/bin/make -f CMakeFiles/cmTryCompileExec.dir/build.make CMakeFiles/cmTryCompileExec.dir/build
make[1]: Entering directory `/home/user/sentiment_analysis_service/cpp-driver-master/build/CMakeFiles/CMakeTmp'
/usr/bin/cmake -E cmake_progress_report /home/user/sentiment_analysis_service/cpp-driver-master/build/CMakeFiles/CMakeTmp/CMakeFiles 1
Building CXX object CMakeFiles/cmTryCompileExec.dir/src.cxx.o
/usr/bin/c++    -DHAVE_UNORDERED_MAP   -o CMakeFiles/cmTryCompileExec.dir/src.cxx.o -c /home/user/sentiment_analysis_service/cpp-driver-master/build/CMakeFiles/CMakeTmp/src.cxx
In file included from /usr/include/c++/4.6/unordered_map:35:0,
                 from /home/user/sentiment_analysis_service/cpp-driver-master/build/CMakeFiles/CMakeTmp/src.cxx:2:
/usr/include/c++/4.6/bits/c++0x_warning.h:32:2: error: #error This file requires compiler and library support for the upcoming ISO C++ standard, C++0x. This support is currently experimental, and must be enabled with the -std=c++0x or -std=gnu++0x compiler options.
/home/user/sentiment_analysis_service/cpp-driver-master/build/CMakeFiles/CMakeTmp/src.cxx: In function 'int main()':
/home/user/sentiment_analysis_service/cpp-driver-master/build/CMakeFiles/CMakeTmp/src.cxx:4:14: error: 'std::tr1' has not been declared
/home/user/sentiment_analysis_service/cpp-driver-master/build/CMakeFiles/CMakeTmp/src.cxx:4:33: error: expected primary-expression before 'int'
/home/user/sentiment_analysis_service/cpp-driver-master/build/CMakeFiles/CMakeTmp/src.cxx:4:33: error: expected ';' before 'int'
/home/user/sentiment_analysis_service/cpp-driver-master/build/CMakeFiles/CMakeTmp/src.cxx:5:16: error: 'm' was not declared in this scope
make[1]: Leaving directory `/home/user/sentiment_analysis_service/cpp-driver-master/build/CMakeFiles/CMakeTmp'
make[1]: *** [CMakeFiles/cmTryCompileExec.dir/src.cxx.o] Error 1
make: *** [cmTryCompileExec/fast] Error 2

Source file was:

      #include <unordered_map>
      int main() {
        std::tr1::unordered_map<int,int> m;
        return m.find(42) == m.end();
      }
      
Performing C++ SOURCE FILE Test HAVE_UNORDERED_MAP failed with the following output:
Change Dir: /home/user/sentiment_analysis_service/cpp-driver-master/build/CMakeFiles/CMakeTmp

Run Build Command:/usr/bin/make "cmTryCompileExec/fast"
/usr/bin/make -f CMakeFiles/cmTryCompileExec.dir/build.make CMakeFiles/cmTryCompileExec.dir/build
make[1]: Entering directory `/home/user/sentiment_analysis_service/cpp-driver-master/build/CMakeFiles/CMakeTmp'
/usr/bin/cmake -E cmake_progress_report /home/user/sentiment_analysis_service/cpp-driver-master/build/CMakeFiles/CMakeTmp/CMakeFiles 1
Building CXX object CMakeFiles/cmTryCompileExec.dir/src.cxx.o
/usr/bin/c++    -DHAVE_UNORDERED_MAP   -o CMakeFiles/cmTryCompileExec.dir/src.cxx.o -c /home/user/sentiment_analysis_service/cpp-driver-master/build/CMakeFiles/CMakeTmp/src.cxx
/home/user/sentiment_analysis_service/cpp-driver-master/build/CMakeFiles/CMakeTmp/src.cxx: In function 'int main()':
/home/user/sentiment_analysis_service/cpp-driver-master/build/CMakeFiles/CMakeTmp/src.cxx:4:9: error: 'unordered_map' is not a member of 'std'
/home/user/sentiment_analysis_service/cpp-driver-master/build/CMakeFiles/CMakeTmp/src.cxx:4:9: note: suggested alternative:
/usr/include/c++/4.6/tr1/unordered_map.h:180:11: note:   'std::tr1::unordered_map'
/home/user/sentiment_analysis_service/cpp-driver-master/build/CMakeFiles/CMakeTmp/src.cxx:4:28: error: expected primary-expression before 'int'
/home/user/sentiment_analysis_service/cpp-driver-master/build/CMakeFiles/CMakeTmp/src.cxx:4:28: error: expected ';' before 'int'
/home/user/sentiment_analysis_service/cpp-driver-master/build/CMakeFiles/CMakeTmp/src.cxx:5:16: error: 'm' was not declared in this scope
make[1]: Leaving directory `/home/user/sentiment_analysis_service/cpp-driver-master/build/CMakeFiles/CMakeTmp'
make[1]: *** [CMakeFiles/cmTryCompileExec.dir/src.cxx.o] Error 1
make: *** [cmTryCompileExec/fast] Error 2

Source file was:

      #include <tr1/unordered_map>
      int main() {
        std::unordered_map<int,int> m;
        return m.find(42) == m.end();
      }
      
Performing C++ SOURCE FILE Test HAVE_HASH_FUNC_HEADER failed with the following output:
Change Dir: /home/user/sentiment_analysis_service/cpp-driver-master/build/CMakeFiles/CMakeTmp

Run Build Command:/usr/bin/make "cmTryCompileExec/fast"
/usr/bin/make -f CMakeFiles/cmTryCompileExec.dir/build.make CMakeFiles/cmTryCompileExec.dir/build
make[1]: Entering directory `/home/user/sentiment_analysis_service/cpp-driver-master/build/CMakeFiles/CMakeTmp'
/usr/bin/cmake -E cmake_progress_report /home/user/sentiment_analysis_service/cpp-driver-master/build/CMakeFiles/CMakeTmp/CMakeFiles 1
Building CXX object CMakeFiles/cmTryCompileExec.dir/src.cxx.o
/usr/bin/c++    -DHAVE_HASH_FUNC_HEADER   -o CMakeFiles/cmTryCompileExec.dir/src.cxx.o -c /home/user/sentiment_analysis_service/cpp-driver-master/build/CMakeFiles/CMakeTmp/src.cxx
/home/user/sentiment_analysis_service/cpp-driver-master/build/CMakeFiles/CMakeTmp/src.cxx: In function 'int main()':
/home/user/sentiment_analysis_service/cpp-driver-master/build/CMakeFiles/CMakeTmp/src.cxx:3:31: error: 'std::tr1' has not been declared
/home/user/sentiment_analysis_service/cpp-driver-master/build/CMakeFiles/CMakeTmp/src.cxx:3:41: error: expected primary-expression before 'int'
/home/user/sentiment_analysis_service/cpp-driver-master/build/CMakeFiles/CMakeTmp/src.cxx:3:41: error: expected ',' or ';' before 'int'
make[1]: Leaving directory `/home/user/sentiment_analysis_service/cpp-driver-master/build/CMakeFiles/CMakeTmp'
make[1]: *** [CMakeFiles/cmTryCompileExec.dir/src.cxx.o] Error 1
make: *** [cmTryCompileExec/fast] Error 2

Source file was:

    #include <functional>
    int main() { int x = std::tr1::hash<int>()(42); }
    
Determining if the SO_NOSIGPIPE exist failed with the following output:
Change Dir: /home/user/sentiment_analysis_service/cpp-driver-master/build/CMakeFiles/CMakeTmp

Run Build Command:/usr/bin/make "cmTryCompileExec/fast"
/usr/bin/make -f CMakeFiles/cmTryCompileExec.dir/build.make CMakeFiles/cmTryCompileExec.dir/build
make[1]: Entering directory `/home/user/sentiment_analysis_service/cpp-driver-master/build/CMakeFiles/CMakeTmp'
/usr/bin/cmake -E cmake_progress_report /home/user/sentiment_analysis_service/cpp-driver-master/build/CMakeFiles/CMakeTmp/CMakeFiles 1
Building C object CMakeFiles/cmTryCompileExec.dir/CheckSymbolExists.c.o
/usr/bin/gcc   -D_GNU_SOURCE     -o CMakeFiles/cmTryCompileExec.dir/CheckSymbolExists.c.o   -c /home/user/sentiment_analysis_service/cpp-driver-master/build/CMakeFiles/CMakeTmp/CheckSymbolExists.c
/home/user/sentiment_analysis_service/cpp-driver-master/build/CMakeFiles/CMakeTmp/CheckSymbolExists.c: In function 'main':
/home/user/sentiment_analysis_service/cpp-driver-master/build/CMakeFiles/CMakeTmp/CheckSymbolExists.c:9:25: error: 'SO_NOSIGPIPE' undeclared (first use in this function)
/home/user/sentiment_analysis_service/cpp-driver-master/build/CMakeFiles/CMakeTmp/CheckSymbolExists.c:9:25: note: each undeclared identifier is reported only once for each function it appears in
make[1]: Leaving directory `/home/user/sentiment_analysis_service/cpp-driver-master/build/CMakeFiles/CMakeTmp'
make[1]: *** [CMakeFiles/cmTryCompileExec.dir/CheckSymbolExists.c.o] Error 1
make: *** [cmTryCompileExec/fast] Error 2

File /home/user/sentiment_analysis_service/cpp-driver-master/build/CMakeFiles/CMakeTmp/CheckSymbolExists.c:
/* */
#include <sys/socket.h>
#include <sys/types.h>

void cmakeRequireSymbol(int dummy,...){(void)dummy;}
int main()
{
#ifndef SO_NOSIGPIPE
  cmakeRequireSymbol(0,&SO_NOSIGPIPE);
#endif
  return 0;
}

